2024-02-28T12:59:27.882+05:30  INFO 9672 --- [restartedMain] c.l.m.S.Bootjpaexample1Application       : Starting Bootjpaexample1Application using Java 17.0.3 with PID 9672 (D:\sts\bootjpaexample-1\target\classes started by vijay_11013736 in D:\sts\bootjpaexample-1)
2024-02-28T12:59:27.883+05:30  INFO 9672 --- [restartedMain] c.l.m.S.Bootjpaexample1Application       : No active profile set, falling back to 1 default profile: "default"
2024-02-28T12:59:28.425+05:30  INFO 9672 --- [restartedMain] o.s.b.w.embedded.tomcat.TomcatWebServer  : Tomcat initialized with port 5000 (http)
2024-02-28T12:59:28.427+05:30  INFO 9672 --- [restartedMain] o.apache.catalina.core.StandardService   : Starting service [Tomcat]
2024-02-28T12:59:28.428+05:30  INFO 9672 --- [restartedMain] o.apache.catalina.core.StandardEngine    : Starting Servlet engine: [Apache Tomcat/10.1.18]
2024-02-28T12:59:28.491+05:30  INFO 9672 --- [restartedMain] o.a.c.c.C.[Tomcat].[localhost].[/]       : Initializing Spring embedded WebApplicationContext
2024-02-28T12:59:28.492+05:30  INFO 9672 --- [restartedMain] w.s.c.ServletWebServerApplicationContext : Root WebApplicationContext: initialization completed in 595 ms
2024-02-28T12:59:28.770+05:30  INFO 9672 --- [restartedMain] o.s.b.d.a.OptionalLiveReloadServer       : LiveReload server is running on port 35729
2024-02-28T12:59:28.799+05:30  INFO 9672 --- [restartedMain] o.s.b.w.embedded.tomcat.TomcatWebServer  : Tomcat started on port 5000 (http) with context path ''
2024-02-28T12:59:28.815+05:30  INFO 9672 --- [restartedMain] c.l.m.S.Bootjpaexample1Application       : Started Bootjpaexample1Application in 1.033 seconds (process running for 298.266)
2024-02-28T12:59:28.823+05:30  INFO 9672 --- [restartedMain] .ConditionEvaluationDeltaLoggingListener : Condition evaluation unchanged
2024-02-28T12:59:56.980+05:30  INFO 10536 --- [restartedMain] c.l.m.S.Bootjpaexample1Application       : Starting Bootjpaexample1Application using Java 17.0.3 with PID 10536 (D:\sts\bootjpaexample-1\target\classes started by vijay_11013736 in D:\sts\bootjpaexample-1)
2024-02-28T12:59:56.986+05:30  INFO 10536 --- [restartedMain] c.l.m.S.Bootjpaexample1Application       : No active profile set, falling back to 1 default profile: "default"
2024-02-28T12:59:57.119+05:30  INFO 10536 --- [restartedMain] .e.DevToolsPropertyDefaultsPostProcessor : Devtools property defaults active! Set 'spring.devtools.add-properties' to 'false' to disable
2024-02-28T12:59:57.119+05:30  INFO 10536 --- [restartedMain] .e.DevToolsPropertyDefaultsPostProcessor : For additional web related logging consider setting the 'logging.level.web' property to 'DEBUG'
2024-02-28T12:59:59.187+05:30  INFO 10536 --- [restartedMain] o.s.b.w.embedded.tomcat.TomcatWebServer  : Tomcat initialized with port 5000 (http)
2024-02-28T12:59:59.210+05:30  INFO 10536 --- [restartedMain] o.apache.catalina.core.StandardService   : Starting service [Tomcat]
2024-02-28T12:59:59.211+05:30  INFO 10536 --- [restartedMain] o.apache.catalina.core.StandardEngine    : Starting Servlet engine: [Apache Tomcat/10.1.18]
2024-02-28T12:59:59.330+05:30  INFO 10536 --- [restartedMain] o.a.c.c.C.[Tomcat].[localhost].[/]       : Initializing Spring embedded WebApplicationContext
2024-02-28T12:59:59.331+05:30  INFO 10536 --- [restartedMain] w.s.c.ServletWebServerApplicationContext : Root WebApplicationContext: initialization completed in 2210 ms
2024-02-28T13:00:00.083+05:30  INFO 10536 --- [restartedMain] o.s.b.d.a.OptionalLiveReloadServer       : LiveReload server is running on port 35729
2024-02-28T13:00:00.184+05:30  INFO 10536 --- [restartedMain] o.s.b.w.embedded.tomcat.TomcatWebServer  : Tomcat started on port 5000 (http) with context path ''
2024-02-28T13:00:00.244+05:30  INFO 10536 --- [restartedMain] c.l.m.S.Bootjpaexample1Application       : Started Bootjpaexample1Application in 4.161 seconds (process running for 5.623)
2024-02-28T13:00:11.003+05:30  INFO 10536 --- [http-nio-5000-exec-1] o.a.c.c.C.[Tomcat].[localhost].[/]       : Initializing Spring DispatcherServlet 'dispatcherServlet'
2024-02-28T13:00:11.003+05:30  INFO 10536 --- [http-nio-5000-exec-1] o.s.web.servlet.DispatcherServlet        : Initializing Servlet 'dispatcherServlet'
2024-02-28T13:00:11.005+05:30  INFO 10536 --- [http-nio-5000-exec-1] o.s.web.servlet.DispatcherServlet        : Completed initialization in 1 ms
2024-02-28T13:00:11.082+05:30 ERROR 10536 --- [http-nio-5000-exec-1] c.l.m.S.Controllers.ProductController    : productName :- "dfdf"
2024-02-28T13:00:11.083+05:30  WARN 10536 --- [http-nio-5000-exec-1] c.l.m.S.Controllers.ProductController    : productId :- 3444
2024-02-28T13:00:11.083+05:30  INFO 10536 --- [http-nio-5000-exec-1] c.l.m.S.Controllers.ProductController    : productRating :- "hhj"
2024-02-28T13:01:21.739+05:30  INFO 10536 --- [RMI TCP Connection(8)-127.0.0.1] inMXBeanRegistrar$SpringApplicationAdmin : Application shutdown requested.
2024-02-28T13:08:33.591+05:30  INFO 10080 --- [restartedMain] c.l.m.S.Bootjpaexample1Application       : Starting Bootjpaexample1Application using Java 17.0.3 with PID 10080 (D:\sts\bootjpaexample-1\target\classes started by vijay_11013736 in D:\sts\bootjpaexample-1)
2024-02-28T13:08:33.593+05:30 DEBUG 10080 --- [restartedMain] c.l.m.S.Bootjpaexample1Application       : Running with Spring Boot v3.2.2, Spring v6.1.3
2024-02-28T13:08:33.595+05:30  INFO 10080 --- [restartedMain] c.l.m.S.Bootjpaexample1Application       : No active profile set, falling back to 1 default profile: "default"
2024-02-28T13:08:33.694+05:30  INFO 10080 --- [restartedMain] .e.DevToolsPropertyDefaultsPostProcessor : Devtools property defaults active! Set 'spring.devtools.add-properties' to 'false' to disable
2024-02-28T13:08:33.694+05:30  INFO 10080 --- [restartedMain] .e.DevToolsPropertyDefaultsPostProcessor : For additional web related logging consider setting the 'logging.level.web' property to 'DEBUG'
2024-02-28T13:08:35.096+05:30  INFO 10080 --- [restartedMain] o.s.b.w.embedded.tomcat.TomcatWebServer  : Tomcat initialized with port 5000 (http)
2024-02-28T13:08:35.119+05:30  INFO 10080 --- [restartedMain] o.apache.catalina.core.StandardService   : Starting service [Tomcat]
2024-02-28T13:08:35.120+05:30  INFO 10080 --- [restartedMain] o.apache.catalina.core.StandardEngine    : Starting Servlet engine: [Apache Tomcat/10.1.18]
2024-02-28T13:08:35.210+05:30  INFO 10080 --- [restartedMain] o.a.c.c.C.[Tomcat].[localhost].[/]       : Initializing Spring embedded WebApplicationContext
2024-02-28T13:08:35.211+05:30  INFO 10080 --- [restartedMain] w.s.c.ServletWebServerApplicationContext : Root WebApplicationContext: initialization completed in 1516 ms
2024-02-28T13:08:35.790+05:30  INFO 10080 --- [restartedMain] o.s.b.d.a.OptionalLiveReloadServer       : LiveReload server is running on port 35729
2024-02-28T13:08:35.855+05:30  INFO 10080 --- [restartedMain] o.s.b.w.embedded.tomcat.TomcatWebServer  : Tomcat started on port 5000 (http) with context path ''
2024-02-28T13:08:35.879+05:30  INFO 10080 --- [restartedMain] c.l.m.S.Bootjpaexample1Application       : Started Bootjpaexample1Application in 2.924 seconds (process running for 4.071)
2024-02-28T13:09:22.663+05:30  INFO 10080 --- [File Watcher] rtingClassPathChangeChangedEventListener : Restarting due to 1 class path change (0 additions, 0 deletions, 1 modification)
2024-02-28T13:09:22.843+05:30  INFO 10080 --- [restartedMain] c.l.m.S.Bootjpaexample1Application       : Starting Bootjpaexample1Application using Java 17.0.3 with PID 10080 (D:\sts\bootjpaexample-1\target\classes started by vijay_11013736 in D:\sts\bootjpaexample-1)
2024-02-28T13:09:22.845+05:30 DEBUG 10080 --- [restartedMain] c.l.m.S.Bootjpaexample1Application       : Running with Spring Boot v3.2.2, Spring v6.1.3
2024-02-28T13:09:22.847+05:30  INFO 10080 --- [restartedMain] c.l.m.S.Bootjpaexample1Application       : No active profile set, falling back to 1 default profile: "default"
2024-02-28T13:09:23.202+05:30  INFO 10080 --- [restartedMain] o.s.b.w.embedded.tomcat.TomcatWebServer  : Tomcat initialized with port 5000 (http)
2024-02-28T13:09:23.204+05:30  INFO 10080 --- [restartedMain] o.apache.catalina.core.StandardService   : Starting service [Tomcat]
2024-02-28T13:09:23.205+05:30  INFO 10080 --- [restartedMain] o.apache.catalina.core.StandardEngine    : Starting Servlet engine: [Apache Tomcat/10.1.18]
2024-02-28T13:09:23.241+05:30  INFO 10080 --- [restartedMain] o.a.c.c.C.[Tomcat].[localhost].[/]       : Initializing Spring embedded WebApplicationContext
2024-02-28T13:09:23.242+05:30  INFO 10080 --- [restartedMain] w.s.c.ServletWebServerApplicationContext : Root WebApplicationContext: initialization completed in 387 ms
2024-02-28T13:09:23.389+05:30  INFO 10080 --- [restartedMain] o.s.b.d.a.OptionalLiveReloadServer       : LiveReload server is running on port 35729
2024-02-28T13:09:23.406+05:30  INFO 10080 --- [restartedMain] o.s.b.w.embedded.tomcat.TomcatWebServer  : Tomcat started on port 5000 (http) with context path ''
2024-02-28T13:09:23.425+05:30  INFO 10080 --- [restartedMain] c.l.m.S.Bootjpaexample1Application       : Started Bootjpaexample1Application in 0.648 seconds (process running for 51.616)
2024-02-28T13:09:23.429+05:30  INFO 10080 --- [restartedMain] .ConditionEvaluationDeltaLoggingListener : Condition evaluation unchanged
2024-02-28T13:09:27.830+05:30  INFO 10080 --- [File Watcher] rtingClassPathChangeChangedEventListener : Restarting due to 1 class path change (0 additions, 0 deletions, 1 modification)
2024-02-28T13:09:28.007+05:30  INFO 10080 --- [restartedMain] c.l.m.S.Bootjpaexample1Application       : Starting Bootjpaexample1Application using Java 17.0.3 with PID 10080 (D:\sts\bootjpaexample-1\target\classes started by vijay_11013736 in D:\sts\bootjpaexample-1)
2024-02-28T13:09:28.008+05:30 DEBUG 10080 --- [restartedMain] c.l.m.S.Bootjpaexample1Application       : Running with Spring Boot v3.2.2, Spring v6.1.3
2024-02-28T13:09:28.008+05:30  INFO 10080 --- [restartedMain] c.l.m.S.Bootjpaexample1Application       : No active profile set, falling back to 1 default profile: "default"
2024-02-28T13:09:28.292+05:30  INFO 10080 --- [restartedMain] o.s.b.w.embedded.tomcat.TomcatWebServer  : Tomcat initialized with port 5000 (http)
2024-02-28T13:09:28.294+05:30  INFO 10080 --- [restartedMain] o.apache.catalina.core.StandardService   : Starting service [Tomcat]
2024-02-28T13:09:28.296+05:30  INFO 10080 --- [restartedMain] o.apache.catalina.core.StandardEngine    : Starting Servlet engine: [Apache Tomcat/10.1.18]
2024-02-28T13:09:28.331+05:30  INFO 10080 --- [restartedMain] o.a.c.c.C.[Tomcat].[localhost].[/]       : Initializing Spring embedded WebApplicationContext
2024-02-28T13:09:28.332+05:30  INFO 10080 --- [restartedMain] w.s.c.ServletWebServerApplicationContext : Root WebApplicationContext: initialization completed in 319 ms
2024-02-28T13:09:28.470+05:30  INFO 10080 --- [restartedMain] o.s.b.d.a.OptionalLiveReloadServer       : LiveReload server is running on port 35729
2024-02-28T13:09:28.484+05:30  INFO 10080 --- [restartedMain] o.s.b.w.embedded.tomcat.TomcatWebServer  : Tomcat started on port 5000 (http) with context path ''
2024-02-28T13:09:28.501+05:30  INFO 10080 --- [restartedMain] c.l.m.S.Bootjpaexample1Application       : Started Bootjpaexample1Application in 0.586 seconds (process running for 56.693)
2024-02-28T13:09:28.503+05:30  INFO 10080 --- [restartedMain] .ConditionEvaluationDeltaLoggingListener : Condition evaluation unchanged
2024-02-28T13:09:35.718+05:30  INFO 10080 --- [http-nio-5000-exec-1] o.a.c.c.C.[Tomcat].[localhost].[/]       : Initializing Spring DispatcherServlet 'dispatcherServlet'
2024-02-28T13:09:35.720+05:30  INFO 10080 --- [http-nio-5000-exec-1] o.s.web.servlet.DispatcherServlet        : Initializing Servlet 'dispatcherServlet'
2024-02-28T13:09:35.724+05:30  INFO 10080 --- [http-nio-5000-exec-1] o.s.web.servlet.DispatcherServlet        : Completed initialization in 1 ms
2024-02-28T13:09:35.788+05:30 ERROR 10080 --- [http-nio-5000-exec-1] c.l.m.S.Controllers.ProductController    : productName :- "dfdf"
2024-02-28T13:09:35.789+05:30  WARN 10080 --- [http-nio-5000-exec-1] c.l.m.S.Controllers.ProductController    : productId :- 3444
2024-02-28T13:09:35.789+05:30  INFO 10080 --- [http-nio-5000-exec-1] c.l.m.S.Controllers.ProductController    : productRating :- "hhj"
2024-02-28T13:09:35.789+05:30 DEBUG 10080 --- [http-nio-5000-exec-1] c.l.m.S.Controllers.ProductController    : debugging
2024-02-28T13:11:17.869+05:30  INFO 10080 --- [File Watcher] rtingClassPathChangeChangedEventListener : Restarting due to 1 class path change (0 additions, 0 deletions, 1 modification)
